2024-03-29T06:00:38.888+01:00  INFO 17220 --- [main] f.i.m.MapStructDemoProApplication        : Starting MapStructDemoProApplication using Java 17.0.10 with PID 17220 (C:\Users\user\IdeaProjects\MapStructDemoPro\target\classes started by user in C:\Users\user\IdeaProjects\MapStructDemoPro)
2024-03-29T06:00:38.892+01:00  INFO 17220 --- [main] f.i.m.MapStructDemoProApplication        : No active profile set, falling back to 1 default profile: "default"
2024-03-29T06:00:39.389+01:00  INFO 17220 --- [main] .s.d.r.c.RepositoryConfigurationDelegate : Bootstrapping Spring Data JPA repositories in DEFAULT mode.
2024-03-29T06:00:39.433+01:00  INFO 17220 --- [main] .s.d.r.c.RepositoryConfigurationDelegate : Finished Spring Data repository scanning in 37 ms. Found 1 JPA repository interface.
2024-03-29T06:00:40.095+01:00  INFO 17220 --- [main] o.s.b.w.embedded.tomcat.TomcatWebServer  : Tomcat initialized with port 8080 (http)
2024-03-29T06:00:40.107+01:00  INFO 17220 --- [main] o.apache.catalina.core.StandardService   : Starting service [Tomcat]
2024-03-29T06:00:40.108+01:00  INFO 17220 --- [main] o.apache.catalina.core.StandardEngine    : Starting Servlet engine: [Apache Tomcat/10.1.19]
2024-03-29T06:00:40.167+01:00  INFO 17220 --- [main] o.a.c.c.C.[Tomcat].[localhost].[/]       : Initializing Spring embedded WebApplicationContext
2024-03-29T06:00:40.168+01:00  INFO 17220 --- [main] w.s.c.ServletWebServerApplicationContext : Root WebApplicationContext: initialization completed in 1211 ms
2024-03-29T06:00:40.309+01:00  INFO 17220 --- [main] o.hibernate.jpa.internal.util.LogHelper  : HHH000204: Processing PersistenceUnitInfo [name: default]
2024-03-29T06:00:40.367+01:00  INFO 17220 --- [main] org.hibernate.Version                    : HHH000412: Hibernate ORM core version 6.4.4.Final
2024-03-29T06:00:40.405+01:00  INFO 17220 --- [main] o.h.c.internal.RegionFactoryInitiator    : HHH000026: Second-level cache disabled
2024-03-29T06:00:40.617+01:00  INFO 17220 --- [main] o.s.o.j.p.SpringPersistenceUnitInfo      : No LoadTimeWeaver setup: ignoring JPA class transformer
2024-03-29T06:00:40.642+01:00  INFO 17220 --- [main] com.zaxxer.hikari.HikariDataSource       : HikariPool-1 - Starting...
2024-03-29T06:00:40.915+01:00  INFO 17220 --- [main] com.zaxxer.hikari.pool.HikariPool        : HikariPool-1 - Added connection com.mysql.cj.jdbc.ConnectionImpl@105dc04d
2024-03-29T06:00:40.917+01:00  INFO 17220 --- [main] com.zaxxer.hikari.HikariDataSource       : HikariPool-1 - Start completed.
2024-03-29T06:00:40.961+01:00  WARN 17220 --- [main] org.hibernate.orm.deprecation            : HHH90000025: MySQL8Dialect does not need to be specified explicitly using 'hibernate.dialect' (remove the property setting and it will be selected by default)
2024-03-29T06:00:40.961+01:00  WARN 17220 --- [main] org.hibernate.orm.deprecation            : HHH90000026: MySQL8Dialect has been deprecated; use org.hibernate.dialect.MySQLDialect instead
2024-03-29T06:00:41.829+01:00  INFO 17220 --- [main] o.h.e.t.j.p.i.JtaPlatformInitiator       : HHH000489: No JTA platform available (set 'hibernate.transaction.jta.platform' to enable JTA platform integration)
2024-03-29T06:00:42.004+01:00  INFO 17220 --- [main] j.LocalContainerEntityManagerFactoryBean : Initialized JPA EntityManagerFactory for persistence unit 'default'
2024-03-29T06:00:42.372+01:00  WARN 17220 --- [main] JpaBaseConfiguration$JpaWebConfiguration : spring.jpa.open-in-view is enabled by default. Therefore, database queries may be performed during view rendering. Explicitly configure spring.jpa.open-in-view to disable this warning
2024-03-29T06:00:42.778+01:00  INFO 17220 --- [main] o.s.b.w.embedded.tomcat.TomcatWebServer  : Tomcat started on port 8080 (http) with context path ''
2024-03-29T06:00:42.788+01:00  INFO 17220 --- [main] f.i.m.MapStructDemoProApplication        : Started MapStructDemoProApplication in 4.344 seconds (process running for 5.007)
2024-03-29T06:01:20.342+01:00  INFO 17220 --- [http-nio-8080-exec-1] o.a.c.c.C.[Tomcat].[localhost].[/]       : Initializing Spring DispatcherServlet 'dispatcherServlet'
2024-03-29T06:01:20.342+01:00  INFO 17220 --- [http-nio-8080-exec-1] o.s.web.servlet.DispatcherServlet        : Initializing Servlet 'dispatcherServlet'
2024-03-29T06:01:20.344+01:00  INFO 17220 --- [http-nio-8080-exec-1] o.s.web.servlet.DispatcherServlet        : Completed initialization in 2 ms
2024-03-29T06:01:20.373+01:00  INFO 17220 --- [http-nio-8080-exec-1] f.i.m.controller.LoggingController       : An INFO Message
2024-03-29T06:01:20.373+01:00  WARN 17220 --- [http-nio-8080-exec-1] f.i.m.controller.LoggingController       : A WARN Message
2024-03-29T06:01:20.373+01:00 ERROR 17220 --- [http-nio-8080-exec-1] f.i.m.controller.LoggingController       : An ERROR Message
2024-03-29T06:01:23.119+01:00  INFO 17220 --- [http-nio-8080-exec-3] f.i.m.controller.LoggingController       : An INFO Message
2024-03-29T06:01:23.119+01:00  WARN 17220 --- [http-nio-8080-exec-3] f.i.m.controller.LoggingController       : A WARN Message
2024-03-29T06:01:23.119+01:00 ERROR 17220 --- [http-nio-8080-exec-3] f.i.m.controller.LoggingController       : An ERROR Message
2024-03-29T06:01:23.966+01:00  INFO 17220 --- [http-nio-8080-exec-2] f.i.m.controller.LoggingController       : An INFO Message
2024-03-29T06:01:23.966+01:00  WARN 17220 --- [http-nio-8080-exec-2] f.i.m.controller.LoggingController       : A WARN Message
2024-03-29T06:01:23.967+01:00 ERROR 17220 --- [http-nio-8080-exec-2] f.i.m.controller.LoggingController       : An ERROR Message
2024-03-29T06:01:46.577+01:00  INFO 17220 --- [SpringApplicationShutdownHook] j.LocalContainerEntityManagerFactoryBean : Closing JPA EntityManagerFactory for persistence unit 'default'
2024-03-29T06:01:46.578+01:00  INFO 17220 --- [SpringApplicationShutdownHook] com.zaxxer.hikari.HikariDataSource       : HikariPool-1 - Shutdown initiated...
2024-03-29T06:01:46.585+01:00  INFO 17220 --- [SpringApplicationShutdownHook] com.zaxxer.hikari.HikariDataSource       : HikariPool-1 - Shutdown completed.
